<?xml version="1.0" encoding="UTF-8"?>
<!-- Generated by org.testng.reporters.JUnitReportReporter -->
<testsuite hostname="DESKTOP-VJ8GD4N" failures="0" tests="1" name="com.wingdent.testScripts.TC_BOOKINGTEST" time="17.471" errors="0" timestamp="2024-01-17T22:35:26 IST" skipped="0">
  <testcase classname="com.wingdent.testScripts.TC_BOOKINGTEST" name="verifyBook" time="17.471"/>
</testsuite> <!-- com.wingdent.testScripts.TC_BOOKINGTEST -->
